[Thu 07 15 17:02:34 2010] iphone emergency: a:2:{s:6:"module";s:9:"emergency";s:7:"command";s:8:"contacts";}
[Thu 07 15 17:02:34 2010] iphone emergency: a:1:{s:6:"module";s:9:"emergency";}
[Thu 07 15 17:02:34 2010] iphone push: a:3:{s:6:"module";s:4:"push";s:11:"device_type";s:5:"apple";s:7:"command";s:8:"register";}
[Thu 07 15 17:02:39 2010] iphone emergency: a:1:{s:6:"module";s:9:"emergency";}
[Thu 07 15 17:02:39 2010] iphone push: a:3:{s:6:"module";s:4:"push";s:11:"device_type";s:5:"apple";s:7:"command";s:8:"register";}
[Thu 07 15 17:02:39 2010] iphone emergency: a:2:{s:6:"module";s:9:"emergency";s:7:"command";s:8:"contacts";}
[Thu 07 15 17:02:46 2010] iphone news: a:1:{s:6:"module";s:4:"news";}
[Thu 07 15 17:02:46 2010] iphone news: a:2:{s:6:"module";s:4:"news";s:7:"command";s:8:"channels";}
[Thu 07 15 17:02:54 2010] iphone calendar: a:2:{s:6:"module";s:8:"calendar";s:7:"command";s:10:"categories";}
[Thu 07 15 17:02:54 2010] iphone map: a:2:{s:6:"module";s:3:"map";s:7:"command";s:12:"tilesupdated";}
[Thu 07 15 17:02:54 2010] iphone map: a:2:{s:6:"module";s:3:"map";s:7:"command";s:12:"capabilities";}
[Thu 07 15 17:02:54 2010] iphone calendar: a:4:{s:4:"type";s:6:"Events";s:4:"time";s:10:"1279227759";s:6:"module";s:8:"calendar";s:7:"command";s:3:"day";}
[Thu 07 15 17:02:55 2010] iphone map: a:3:{s:6:"module";s:3:"map";s:7:"command";s:10:"proj4specs";s:4:"wkid";s:4:"2249";}
[Thu 07 15 17:03:12 2010] iphone calendar: a:3:{s:1:"q";s:7:"harvard";s:6:"module";s:8:"calendar";s:7:"command";s:6:"search";}
[Thu 07 15 17:03:17 2010] iphone calendar: a:4:{s:4:"type";s:6:"Events";s:4:"time";s:10:"1279227759";s:6:"module";s:8:"calendar";s:7:"command";s:3:"day";}
[Thu 07 15 17:03:18 2010] iphone calendar: a:2:{s:6:"module";s:8:"calendar";s:7:"command";s:10:"categories";}
[Thu 07 15 17:03:20 2010] iphone calendar: a:2:{s:6:"module";s:8:"calendar";s:7:"command";s:10:"categories";}
[Thu 07 15 17:03:20 2010] iphone calendar: a:4:{s:7:"command";s:8:"category";s:2:"id";s:5:"41129";s:6:"module";s:8:"calendar";s:5:"start";s:10:"1279227800";}
[Thu 07 15 17:03:31 2010] iphone push: a:3:{s:6:"module";s:4:"push";s:11:"device_type";s:5:"apple";s:7:"command";s:8:"register";}
[Thu 07 15 17:03:32 2010] iphone emergency: a:2:{s:6:"module";s:9:"emergency";s:7:"command";s:8:"contacts";}
[Thu 07 15 17:03:32 2010] iphone emergency: a:1:{s:6:"module";s:9:"emergency";}
[Thu 07 15 17:03:36 2010] iphone calendar: a:2:{s:6:"module";s:8:"calendar";s:7:"command";s:10:"categories";}
[Thu 07 15 17:03:37 2010] iphone map: a:2:{s:6:"module";s:3:"map";s:7:"command";s:12:"tilesupdated";}
[Thu 07 15 17:03:37 2010] iphone calendar: a:4:{s:4:"type";s:6:"Events";s:4:"time";s:10:"1279227811";s:6:"module";s:8:"calendar";s:7:"command";s:3:"day";}
[Thu 07 15 17:03:41 2010] iphone calendar: a:4:{s:4:"type";s:6:"Events";s:4:"time";s:10:"1279314211";s:6:"module";s:8:"calendar";s:7:"command";s:3:"day";}
[Thu 07 15 17:03:41 2010] iphone calendar: a:4:{s:4:"type";s:6:"Events";s:4:"time";s:10:"1279400611";s:6:"module";s:8:"calendar";s:7:"command";s:3:"day";}
[Thu 07 15 17:03:41 2010] iphone calendar: a:4:{s:4:"type";s:6:"Events";s:4:"time";s:10:"1279487011";s:6:"module";s:8:"calendar";s:7:"command";s:3:"day";}
[Thu 07 15 17:03:42 2010] iphone calendar: a:4:{s:4:"type";s:6:"Events";s:4:"time";s:10:"1279573411";s:6:"module";s:8:"calendar";s:7:"command";s:3:"day";}
[Thu 07 15 17:03:42 2010] iphone calendar: a:4:{s:4:"type";s:6:"Events";s:4:"time";s:10:"1279659811";s:6:"module";s:8:"calendar";s:7:"command";s:3:"day";}
[Thu 07 15 17:03:42 2010] iphone calendar: a:4:{s:4:"type";s:6:"Events";s:4:"time";s:10:"1279746211";s:6:"module";s:8:"calendar";s:7:"command";s:3:"day";}
[Thu 07 15 17:03:42 2010] iphone calendar: a:4:{s:4:"type";s:6:"Events";s:4:"time";s:10:"1279832611";s:6:"module";s:8:"calendar";s:7:"command";s:3:"day";}
[Thu 07 15 17:03:42 2010] iphone calendar: a:4:{s:4:"type";s:6:"Events";s:4:"time";s:10:"1279919011";s:6:"module";s:8:"calendar";s:7:"command";s:3:"day";}
[Thu 07 15 17:03:42 2010] iphone calendar: a:4:{s:4:"type";s:6:"Events";s:4:"time";s:10:"1280005411";s:6:"module";s:8:"calendar";s:7:"command";s:3:"day";}
[Thu 07 15 17:03:42 2010] iphone calendar: a:4:{s:4:"type";s:6:"Events";s:4:"time";s:10:"1280091811";s:6:"module";s:8:"calendar";s:7:"command";s:3:"day";}
[Thu 07 15 17:03:43 2010] iphone calendar: a:4:{s:4:"type";s:6:"Events";s:4:"time";s:10:"1280178211";s:6:"module";s:8:"calendar";s:7:"command";s:3:"day";}
[Thu 07 15 17:03:43 2010] iphone calendar: a:4:{s:4:"type";s:6:"Events";s:4:"time";s:10:"1280264611";s:6:"module";s:8:"calendar";s:7:"command";s:3:"day";}
[Thu 07 15 17:03:43 2010] iphone calendar: a:4:{s:4:"type";s:6:"Events";s:4:"time";s:10:"1280351011";s:6:"module";s:8:"calendar";s:7:"command";s:3:"day";}
[Thu 07 15 17:03:43 2010] iphone calendar: a:4:{s:4:"type";s:6:"Events";s:4:"time";s:10:"1280437411";s:6:"module";s:8:"calendar";s:7:"command";s:3:"day";}
[Thu 07 15 17:03:43 2010] iphone calendar: a:4:{s:4:"type";s:6:"Events";s:4:"time";s:10:"1280523811";s:6:"module";s:8:"calendar";s:7:"command";s:3:"day";}
[Thu 07 15 17:03:43 2010] iphone calendar: a:4:{s:4:"type";s:6:"Events";s:4:"time";s:10:"1280610211";s:6:"module";s:8:"calendar";s:7:"command";s:3:"day";}
[Thu 07 15 17:03:43 2010] iphone calendar: a:4:{s:4:"type";s:6:"Events";s:4:"time";s:10:"1280696611";s:6:"module";s:8:"calendar";s:7:"command";s:3:"day";}
[Thu 07 15 17:03:57 2010] iphone dining: a:3:{s:6:"module";s:6:"dining";s:7:"command";s:6:"dinner";s:4:"date";s:10:"2010-07-15";}
[Thu 07 15 17:03:57 2010] iphone dining: a:3:{s:6:"module";s:6:"dining";s:7:"command";s:6:"dinner";s:4:"date";s:10:"2010-07-15";}
[Thu 07 15 17:03:57 2010] iphone dining: a:3:{s:6:"module";s:6:"dining";s:7:"command";s:6:"dinner";s:4:"date";s:10:"2010-07-15";}
[Thu 07 15 17:04:02 2010] iphone dining: a:3:{s:6:"module";s:6:"dining";s:7:"command";s:6:"dinner";s:4:"date";s:10:"2010-07-16";}
[Thu 07 15 17:04:02 2010] iphone dining: a:3:{s:6:"module";s:6:"dining";s:7:"command";s:6:"dinner";s:4:"date";s:10:"2010-07-16";}
[Thu 07 15 18:08:26 2010] iphone emergency: a:2:{s:6:"module";s:9:"emergency";s:7:"command";s:8:"contacts";}
[Thu 07 15 18:08:26 2010] iphone emergency: a:1:{s:6:"module";s:9:"emergency";}
[Thu 07 15 18:08:27 2010] iphone push: a:3:{s:6:"module";s:4:"push";s:11:"device_type";s:5:"apple";s:7:"command";s:8:"register";}
[Thu 07 15 18:08:29 2010] iphone calendar: a:2:{s:6:"module";s:8:"calendar";s:7:"command";s:10:"categories";}
[Thu 07 15 18:08:30 2010] iphone calendar: a:4:{s:4:"type";s:6:"Events";s:4:"time";s:10:"1279231706";s:6:"module";s:8:"calendar";s:7:"command";s:3:"day";}
[Thu 07 15 18:08:30 2010] iphone map: a:2:{s:6:"module";s:3:"map";s:7:"command";s:12:"tilesupdated";}
[Thu 07 15 18:08:42 2010] iphone calendar: a:4:{s:4:"type";s:6:"Events";s:4:"time";s:10:"1279318106";s:6:"module";s:8:"calendar";s:7:"command";s:3:"day";}
[Thu 07 15 18:08:55 2010] iphone push: a:3:{s:6:"module";s:4:"push";s:11:"device_type";s:5:"apple";s:7:"command";s:8:"register";}
[Thu 07 15 18:08:55 2010] iphone emergency: a:2:{s:6:"module";s:9:"emergency";s:7:"command";s:8:"contacts";}
[Thu 07 15 18:08:55 2010] iphone emergency: a:1:{s:6:"module";s:9:"emergency";}
[Thu 07 15 18:08:59 2010] iphone calendar: a:2:{s:6:"module";s:8:"calendar";s:7:"command";s:10:"categories";}
[Thu 07 15 18:09:00 2010] iphone calendar: a:4:{s:4:"type";s:6:"Events";s:4:"time";s:10:"1279231735";s:6:"module";s:8:"calendar";s:7:"command";s:3:"day";}
[Thu 07 15 18:09:00 2010] iphone map: a:2:{s:6:"module";s:3:"map";s:7:"command";s:12:"tilesupdated";}
[Thu 07 15 18:09:03 2010] iphone calendar: a:2:{s:6:"module";s:8:"calendar";s:7:"command";s:10:"categories";}
[Thu 07 15 18:09:11 2010] iphone calendar: a:2:{s:6:"module";s:8:"calendar";s:7:"command";s:10:"categories";}
[Thu 07 15 18:09:12 2010] iphone calendar: a:4:{s:7:"command";s:8:"category";s:2:"id";s:5:"41143";s:6:"module";s:8:"calendar";s:5:"start";s:10:"1279231751";}
[Thu 07 15 18:09:41 2010] iphone calendar: a:3:{s:1:"q";s:6:"monkey";s:6:"module";s:8:"calendar";s:7:"command";s:6:"search";}
[Thu 07 15 18:09:49 2010] iphone calendar: a:3:{s:1:"q";s:11:"donkey show";s:6:"module";s:8:"calendar";s:7:"command";s:6:"search";}
[Thu 07 15 18:10:19 2010] iphone calendar: a:2:{s:6:"module";s:8:"calendar";s:7:"command";s:10:"categories";}
[Thu 07 15 18:10:24 2010] iphone calendar: a:3:{s:1:"q";s:6:"donkey";s:6:"module";s:8:"calendar";s:7:"command";s:6:"search";}
[Thu 07 15 18:10:42 2010] iphone calendar: a:2:{s:6:"module";s:8:"calendar";s:7:"command";s:10:"categories";}
[Thu 07 15 18:10:44 2010] iphone calendar: a:4:{s:4:"type";s:6:"Events";s:4:"time";s:10:"1279231844";s:6:"module";s:8:"calendar";s:7:"command";s:3:"day";}
[Thu 07 15 18:10:59 2010] iphone dining: a:3:{s:6:"module";s:6:"dining";s:7:"command";s:6:"dinner";s:4:"date";s:10:"2010-07-15";}
[Thu 07 15 18:10:59 2010] iphone dining: a:3:{s:6:"module";s:6:"dining";s:7:"command";s:6:"dinner";s:4:"date";s:10:"2010-07-15";}
[Thu 07 15 18:10:59 2010] iphone dining: a:3:{s:6:"module";s:6:"dining";s:7:"command";s:6:"dinner";s:4:"date";s:10:"2010-07-15";}
[Fri 07 16 10:36:08 2010] iphone emergency: a:1:{s:6:"module";s:9:"emergency";}
[Fri 07 16 10:36:08 2010] iphone push: a:3:{s:6:"module";s:4:"push";s:11:"device_type";s:5:"apple";s:7:"command";s:8:"register";}
[Fri 07 16 10:36:08 2010] iphone emergency: a:2:{s:6:"module";s:9:"emergency";s:7:"command";s:8:"contacts";}
[Fri 07 16 10:36:10 2010] iphone calendar: a:2:{s:6:"module";s:8:"calendar";s:7:"command";s:10:"categories";}
[Fri 07 16 10:36:10 2010] iphone calendar: a:4:{s:4:"type";s:6:"Events";s:4:"time";s:10:"1279290967";s:6:"module";s:8:"calendar";s:7:"command";s:3:"day";}
[Fri 07 16 10:36:10 2010] iphone map: a:2:{s:6:"module";s:3:"map";s:7:"command";s:12:"tilesupdated";}
[Fri 07 16 10:38:46 2010] iphone calendar: a:2:{s:6:"module";s:8:"calendar";s:7:"command";s:10:"categories";}
[Fri 07 16 10:38:46 2010] iphone calendar: a:2:{s:6:"module";s:8:"calendar";s:7:"command";s:10:"categories";}
[Fri 07 16 10:38:46 2010] iphone calendar: a:4:{s:7:"command";s:8:"category";s:2:"id";s:5:"41144";s:6:"module";s:8:"calendar";s:5:"start";s:10:"1279291126";}
[Fri 07 16 10:39:12 2010] iphone calendar: a:2:{s:6:"module";s:8:"calendar";s:7:"command";s:10:"categories";}
[Fri 07 16 10:39:12 2010] iphone calendar: a:2:{s:6:"module";s:8:"calendar";s:7:"command";s:10:"categories";}
[Fri 07 16 10:39:12 2010] iphone calendar: a:4:{s:7:"command";s:8:"category";s:2:"id";s:5:"41144";s:6:"module";s:8:"calendar";s:5:"start";s:10:"1279291151";}
[Fri 07 16 10:39:20 2010] iphone push: a:3:{s:6:"module";s:4:"push";s:11:"device_type";s:5:"apple";s:7:"command";s:8:"register";}
[Fri 07 16 10:39:20 2010] iphone emergency: a:2:{s:6:"module";s:9:"emergency";s:7:"command";s:8:"contacts";}
[Fri 07 16 10:39:20 2010] iphone emergency: a:1:{s:6:"module";s:9:"emergency";}
[Fri 07 16 10:39:20 2010] iphone calendar: a:2:{s:6:"module";s:8:"calendar";s:7:"command";s:10:"categories";}
[Fri 07 16 10:39:20 2010] iphone map: a:2:{s:6:"module";s:3:"map";s:7:"command";s:12:"tilesupdated";}
[Fri 07 16 10:39:20 2010] iphone calendar: a:4:{s:4:"type";s:6:"Events";s:4:"time";s:10:"1279291158";s:6:"module";s:8:"calendar";s:7:"command";s:3:"day";}
[Fri 07 16 10:40:09 2010] iphone calendar: a:3:{s:1:"q";s:7:"harvard";s:6:"module";s:8:"calendar";s:7:"command";s:6:"search";}
[Fri 07 16 10:40:24 2010] iphone calendar: a:4:{s:4:"type";s:6:"Events";s:4:"time";s:10:"1279291158";s:6:"module";s:8:"calendar";s:7:"command";s:3:"day";}
[Fri 07 16 10:40:25 2010] iphone calendar: a:2:{s:6:"module";s:8:"calendar";s:7:"command";s:10:"categories";}
[Fri 07 16 10:40:31 2010] iphone calendar: a:2:{s:6:"module";s:8:"calendar";s:7:"command";s:10:"categories";}
[Fri 07 16 10:40:31 2010] iphone calendar: a:4:{s:7:"command";s:8:"category";s:2:"id";s:5:"41139";s:6:"module";s:8:"calendar";s:5:"start";s:10:"1279291231";}
[Fri 07 16 10:40:45 2010] iphone calendar: a:3:{s:1:"q";s:6:"connie";s:6:"module";s:8:"calendar";s:7:"command";s:6:"search";}
[Fri 07 16 10:40:51 2010] iphone calendar: a:2:{s:6:"module";s:8:"calendar";s:7:"command";s:10:"categories";}
[Fri 07 16 10:40:56 2010] iphone calendar: a:2:{s:6:"module";s:8:"calendar";s:7:"command";s:10:"categories";}
[Fri 07 16 10:40:56 2010] iphone calendar: a:4:{s:7:"command";s:8:"category";s:2:"id";s:5:"41129";s:6:"module";s:8:"calendar";s:5:"start";s:10:"1279291256";}
[Fri 07 16 10:40:58 2010] iphone calendar: a:4:{s:7:"command";s:8:"category";s:2:"id";s:5:"41129";s:6:"module";s:8:"calendar";s:5:"start";s:10:"1279204856";}
[Fri 07 16 10:41:03 2010] iphone calendar: a:4:{s:7:"command";s:8:"category";s:2:"id";s:5:"41129";s:6:"module";s:8:"calendar";s:5:"start";s:10:"1279291256";}
[Fri 07 16 10:41:04 2010] iphone calendar: a:4:{s:7:"command";s:8:"category";s:2:"id";s:5:"41129";s:6:"module";s:8:"calendar";s:5:"start";s:10:"1279377656";}
[Fri 07 16 10:41:17 2010] iphone push: a:3:{s:6:"module";s:4:"push";s:11:"device_type";s:5:"apple";s:7:"command";s:8:"register";}
[Fri 07 16 10:41:17 2010] iphone emergency: a:2:{s:6:"module";s:9:"emergency";s:7:"command";s:8:"contacts";}
[Fri 07 16 10:41:17 2010] iphone emergency: a:1:{s:6:"module";s:9:"emergency";}
[Fri 07 16 10:41:19 2010] iphone calendar: a:2:{s:6:"module";s:8:"calendar";s:7:"command";s:10:"categories";}
[Fri 07 16 10:41:19 2010] iphone calendar: a:4:{s:4:"type";s:6:"Events";s:4:"time";s:10:"1279291276";s:6:"module";s:8:"calendar";s:7:"command";s:3:"day";}
[Fri 07 16 10:41:19 2010] iphone map: a:2:{s:6:"module";s:3:"map";s:7:"command";s:12:"tilesupdated";}
[Fri 07 16 10:41:24 2010] iphone calendar: a:4:{s:4:"type";s:6:"Events";s:4:"time";s:10:"1279377676";s:6:"module";s:8:"calendar";s:7:"command";s:3:"day";}
[Fri 07 16 10:41:25 2010] iphone calendar: a:4:{s:4:"type";s:6:"Events";s:4:"time";s:10:"1279464076";s:6:"module";s:8:"calendar";s:7:"command";s:3:"day";}
[Fri 07 16 10:41:27 2010] iphone calendar: a:4:{s:4:"type";s:6:"Events";s:4:"time";s:10:"1279550476";s:6:"module";s:8:"calendar";s:7:"command";s:3:"day";}
[Fri 07 16 10:41:55 2010] iphone dining: a:3:{s:6:"module";s:6:"dining";s:7:"command";s:5:"lunch";s:4:"date";s:10:"2010-07-16";}
[Fri 07 16 10:41:55 2010] iphone dining: a:3:{s:6:"module";s:6:"dining";s:7:"command";s:5:"lunch";s:4:"date";s:10:"2010-07-16";}
[Fri 07 16 10:41:55 2010] iphone dining: a:3:{s:6:"module";s:6:"dining";s:7:"command";s:5:"lunch";s:4:"date";s:10:"2010-07-16";}
[Fri 07 16 10:42:02 2010] iphone dining: a:3:{s:6:"module";s:6:"dining";s:7:"command";s:9:"breakfast";s:4:"date";s:10:"2010-07-16";}
[Fri 07 16 10:42:03 2010] iphone dining: a:3:{s:6:"module";s:6:"dining";s:7:"command";s:5:"lunch";s:4:"date";s:10:"2010-07-16";}
[Fri 07 16 10:42:07 2010] iphone dining: a:3:{s:6:"module";s:6:"dining";s:7:"command";s:6:"dinner";s:4:"date";s:10:"2010-07-16";}
[Fri 07 16 10:42:09 2010] iphone dining: a:3:{s:6:"module";s:6:"dining";s:7:"command";s:5:"lunch";s:4:"date";s:10:"2010-07-16";}
[Fri 07 16 10:43:15 2010] iphone emergency: a:2:{s:6:"module";s:9:"emergency";s:7:"command";s:8:"contacts";}
[Fri 07 16 10:43:15 2010] iphone push: a:3:{s:6:"module";s:4:"push";s:11:"device_type";s:5:"apple";s:7:"command";s:8:"register";}
[Fri 07 16 10:43:15 2010] iphone emergency: a:1:{s:6:"module";s:9:"emergency";}
[Fri 07 16 10:43:16 2010] iphone dining: a:3:{s:6:"module";s:6:"dining";s:7:"command";s:5:"lunch";s:4:"date";s:10:"2010-07-16";}
[Fri 07 16 10:43:16 2010] iphone dining: a:3:{s:6:"module";s:6:"dining";s:7:"command";s:5:"lunch";s:4:"date";s:10:"2010-07-16";}
[Fri 07 16 10:43:16 2010] iphone dining: a:3:{s:6:"module";s:6:"dining";s:7:"command";s:5:"lunch";s:4:"date";s:10:"2010-07-16";}
[Fri 07 16 10:56:43 2010] iphone push: a:3:{s:6:"module";s:4:"push";s:11:"device_type";s:5:"apple";s:7:"command";s:8:"register";}
[Fri 07 16 10:56:43 2010] iphone emergency: a:2:{s:6:"module";s:9:"emergency";s:7:"command";s:8:"contacts";}
[Fri 07 16 10:56:43 2010] iphone emergency: a:1:{s:6:"module";s:9:"emergency";}
[Fri 07 16 10:56:43 2010] iphone dining: a:3:{s:6:"module";s:6:"dining";s:7:"command";s:5:"lunch";s:4:"date";s:10:"2010-07-16";}
[Fri 07 16 10:56:43 2010] iphone dining: a:3:{s:6:"module";s:6:"dining";s:7:"command";s:5:"lunch";s:4:"date";s:10:"2010-07-16";}
[Fri 07 16 10:56:43 2010] iphone dining: a:3:{s:6:"module";s:6:"dining";s:7:"command";s:5:"lunch";s:4:"date";s:10:"2010-07-16";}
[Fri 07 16 10:57:38 2010] iphone dining: a:3:{s:6:"module";s:6:"dining";s:7:"command";s:6:"dinner";s:4:"date";s:10:"2010-07-16";}
[Fri 07 16 11:04:58 2010] iphone calendar: a:2:{s:6:"module";s:8:"calendar";s:7:"command";s:10:"categories";}
[Fri 07 16 11:04:58 2010] iphone calendar: a:4:{s:4:"type";s:6:"Events";s:4:"time";s:10:"1279292202";s:6:"module";s:8:"calendar";s:7:"command";s:3:"day";}
[Fri 07 16 11:04:58 2010] iphone map: a:2:{s:6:"module";s:3:"map";s:7:"command";s:12:"tilesupdated";}
[Fri 07 16 11:05:35 2010] iphone calendar: a:2:{s:6:"module";s:8:"calendar";s:7:"command";s:10:"categories";}
[Fri 07 16 11:05:35 2010] iphone calendar: a:2:{s:6:"module";s:8:"calendar";s:7:"command";s:10:"categories";}
[Fri 07 16 11:05:35 2010] iphone calendar: a:4:{s:7:"command";s:8:"category";s:2:"id";s:5:"67253";s:6:"module";s:8:"calendar";s:5:"start";s:10:"1279292735";}
[Fri 07 16 11:05:42 2010] iphone calendar: a:4:{s:4:"type";s:6:"Events";s:4:"time";s:10:"1279292742";s:6:"module";s:8:"calendar";s:7:"command";s:3:"day";}
[Fri 07 16 11:05:43 2010] iphone calendar: a:2:{s:6:"module";s:8:"calendar";s:7:"command";s:10:"categories";}
[Fri 07 16 11:05:50 2010] iphone calendar: a:3:{s:1:"q";s:4:"math";s:6:"module";s:8:"calendar";s:7:"command";s:6:"search";}
[Fri 07 16 11:05:57 2010] iphone calendar: a:3:{s:1:"q";s:6:"donkey";s:6:"module";s:8:"calendar";s:7:"command";s:6:"search";}
[Fri 07 16 11:06:39 2010] iphone dining: a:3:{s:6:"module";s:6:"dining";s:7:"command";s:9:"breakfast";s:4:"date";s:10:"2010-07-16";}
[Fri 07 16 11:06:40 2010] iphone dining: a:3:{s:6:"module";s:6:"dining";s:7:"command";s:5:"lunch";s:4:"date";s:10:"2010-07-15";}
[Fri 07 16 11:06:40 2010] iphone dining: a:3:{s:6:"module";s:6:"dining";s:7:"command";s:5:"lunch";s:4:"date";s:10:"2010-07-15";}
[Fri 07 16 11:06:40 2010] iphone dining: a:3:{s:6:"module";s:6:"dining";s:7:"command";s:5:"lunch";s:4:"date";s:10:"2010-07-15";}
[Fri 07 16 11:06:44 2010] iphone dining: a:3:{s:6:"module";s:6:"dining";s:7:"command";s:5:"lunch";s:4:"date";s:10:"2010-07-16";}
[Fri 07 16 11:06:44 2010] iphone dining: a:3:{s:6:"module";s:6:"dining";s:7:"command";s:5:"lunch";s:4:"date";s:10:"2010-07-16";}
[Fri 07 16 11:06:45 2010] iphone dining: a:3:{s:6:"module";s:6:"dining";s:7:"command";s:6:"dinner";s:4:"date";s:10:"2010-07-16";}
[Fri 07 16 11:06:46 2010] iphone dining: a:3:{s:6:"module";s:6:"dining";s:7:"command";s:5:"lunch";s:4:"date";s:10:"2010-07-17";}
[Fri 07 16 11:06:46 2010] iphone dining: a:3:{s:6:"module";s:6:"dining";s:7:"command";s:5:"lunch";s:4:"date";s:10:"2010-07-17";}
[Fri 07 16 11:06:46 2010] iphone dining: a:3:{s:6:"module";s:6:"dining";s:7:"command";s:5:"lunch";s:4:"date";s:10:"2010-07-17";}
[Fri 07 16 11:06:49 2010] iphone dining: a:3:{s:6:"module";s:6:"dining";s:7:"command";s:9:"breakfast";s:4:"date";s:10:"2010-07-17";}
[Fri 07 16 11:06:51 2010] iphone dining: a:3:{s:6:"module";s:6:"dining";s:7:"command";s:5:"lunch";s:4:"date";s:10:"2010-07-16";}
[Fri 07 16 11:06:51 2010] iphone dining: a:3:{s:6:"module";s:6:"dining";s:7:"command";s:5:"lunch";s:4:"date";s:10:"2010-07-16";}
[Fri 07 16 11:06:51 2010] iphone dining: a:3:{s:6:"module";s:6:"dining";s:7:"command";s:5:"lunch";s:4:"date";s:10:"2010-07-16";}
[Fri 07 16 11:06:55 2010] iphone dining: a:3:{s:6:"module";s:6:"dining";s:7:"command";s:5:"lunch";s:4:"date";s:10:"2010-07-15";}
[Fri 07 16 11:06:55 2010] iphone dining: a:3:{s:6:"module";s:6:"dining";s:7:"command";s:5:"lunch";s:4:"date";s:10:"2010-07-15";}
[Fri 07 16 11:06:56 2010] iphone dining: a:3:{s:6:"module";s:6:"dining";s:7:"command";s:5:"lunch";s:4:"date";s:10:"2010-07-14";}
[Fri 07 16 11:06:56 2010] iphone dining: a:3:{s:6:"module";s:6:"dining";s:7:"command";s:5:"lunch";s:4:"date";s:10:"2010-07-14";}
[Fri 07 16 11:06:58 2010] iphone dining: a:3:{s:6:"module";s:6:"dining";s:7:"command";s:5:"lunch";s:4:"date";s:10:"2010-07-15";}
[Fri 07 16 11:06:58 2010] iphone dining: a:3:{s:6:"module";s:6:"dining";s:7:"command";s:5:"lunch";s:4:"date";s:10:"2010-07-15";}
[Fri 07 16 11:06:58 2010] iphone dining: a:3:{s:6:"module";s:6:"dining";s:7:"command";s:5:"lunch";s:4:"date";s:10:"2010-07-16";}
[Fri 07 16 11:06:58 2010] iphone dining: a:3:{s:6:"module";s:6:"dining";s:7:"command";s:5:"lunch";s:4:"date";s:10:"2010-07-16";}
[Fri 07 16 11:06:59 2010] iphone dining: a:3:{s:6:"module";s:6:"dining";s:7:"command";s:5:"lunch";s:4:"date";s:10:"2010-07-17";}
[Fri 07 16 11:06:59 2010] iphone dining: a:3:{s:6:"module";s:6:"dining";s:7:"command";s:5:"lunch";s:4:"date";s:10:"2010-07-17";}
[Fri 07 16 11:07:01 2010] iphone dining: a:3:{s:6:"module";s:6:"dining";s:7:"command";s:5:"lunch";s:4:"date";s:10:"2010-07-16";}
[Fri 07 16 11:07:01 2010] iphone dining: a:3:{s:6:"module";s:6:"dining";s:7:"command";s:5:"lunch";s:4:"date";s:10:"2010-07-16";}
[Fri 07 16 11:07:09 2010] iphone dining: a:3:{s:6:"module";s:6:"dining";s:7:"command";s:9:"breakfast";s:4:"date";s:10:"2010-07-16";}
[Fri 07 16 11:07:10 2010] iphone dining: a:3:{s:6:"module";s:6:"dining";s:7:"command";s:6:"dinner";s:4:"date";s:10:"2010-07-16";}
[Fri 07 16 15:13:56 2010] iphone emergency: a:2:{s:6:"module";s:9:"emergency";s:7:"command";s:8:"contacts";}
[Fri 07 16 15:13:56 2010] iphone emergency: a:1:{s:6:"module";s:9:"emergency";}
[Fri 07 16 15:13:56 2010] iphone push: a:3:{s:6:"module";s:4:"push";s:11:"device_type";s:5:"apple";s:7:"command";s:8:"register";}
[Fri 07 16 15:13:59 2010] iphone calendar: a:2:{s:6:"module";s:8:"calendar";s:7:"command";s:10:"categories";}
[Fri 07 16 15:14:00 2010] iphone map: a:2:{s:6:"module";s:3:"map";s:7:"command";s:12:"tilesupdated";}
[Fri 07 16 15:14:00 2010] iphone calendar: a:4:{s:4:"type";s:6:"Events";s:4:"time";s:10:"1279307636";s:6:"module";s:8:"calendar";s:7:"command";s:3:"day";}
[Fri 07 16 15:14:04 2010] iphone calendar: a:4:{s:4:"type";s:6:"Events";s:4:"time";s:10:"1279394036";s:6:"module";s:8:"calendar";s:7:"command";s:3:"day";}
[Fri 07 16 15:14:11 2010] iphone calendar: a:2:{s:6:"module";s:8:"calendar";s:7:"command";s:10:"categories";}
[Fri 07 16 15:14:13 2010] iphone calendar: a:2:{s:6:"module";s:8:"calendar";s:7:"command";s:10:"categories";}
[Fri 07 16 15:14:13 2010] iphone calendar: a:4:{s:7:"command";s:8:"category";s:2:"id";s:5:"41149";s:6:"module";s:8:"calendar";s:5:"start";s:10:"1279307653";}
[Fri 07 16 15:14:23 2010] iphone emergency: a:1:{s:6:"module";s:9:"emergency";}
[Fri 07 16 15:14:24 2010] iphone push: a:3:{s:6:"module";s:4:"push";s:11:"device_type";s:5:"apple";s:7:"command";s:8:"register";}
[Fri 07 16 15:14:24 2010] iphone emergency: a:2:{s:6:"module";s:9:"emergency";s:7:"command";s:8:"contacts";}
[Fri 07 16 15:14:25 2010] iphone calendar: a:2:{s:6:"module";s:8:"calendar";s:7:"command";s:10:"categories";}
[Fri 07 16 15:14:26 2010] iphone map: a:2:{s:6:"module";s:3:"map";s:7:"command";s:12:"tilesupdated";}
[Fri 07 16 15:14:26 2010] iphone calendar: a:4:{s:4:"type";s:6:"Events";s:4:"time";s:10:"1279307663";s:6:"module";s:8:"calendar";s:7:"command";s:3:"day";}
[Fri 07 16 15:14:29 2010] iphone calendar: a:3:{s:1:"q";s:1:"a";s:6:"module";s:8:"calendar";s:7:"command";s:6:"search";}
[Fri 07 16 15:37:01 2010] iphone emergency: a:2:{s:6:"module";s:9:"emergency";s:7:"command";s:8:"contacts";}
[Fri 07 16 15:37:01 2010] iphone emergency: a:1:{s:6:"module";s:9:"emergency";}
[Fri 07 16 15:37:01 2010] iphone push: a:3:{s:6:"module";s:4:"push";s:11:"device_type";s:5:"apple";s:7:"command";s:8:"register";}
[Fri 07 16 15:37:02 2010] iphone calendar: a:2:{s:6:"module";s:8:"calendar";s:7:"command";s:10:"categories";}
[Fri 07 16 15:37:02 2010] iphone calendar: a:4:{s:4:"type";s:6:"Events";s:4:"time";s:10:"1279309020";s:6:"module";s:8:"calendar";s:7:"command";s:3:"day";}
[Fri 07 16 15:37:02 2010] iphone map: a:2:{s:6:"module";s:3:"map";s:7:"command";s:12:"tilesupdated";}
[Fri 07 16 15:38:33 2010] iphone push: a:3:{s:6:"module";s:4:"push";s:11:"device_type";s:5:"apple";s:7:"command";s:8:"register";}
[Fri 07 16 15:38:33 2010] iphone emergency: a:2:{s:6:"module";s:9:"emergency";s:7:"command";s:8:"contacts";}
[Fri 07 16 15:38:33 2010] iphone emergency: a:1:{s:6:"module";s:9:"emergency";}
[Fri 07 16 15:38:34 2010] iphone calendar: a:2:{s:6:"module";s:8:"calendar";s:7:"command";s:10:"categories";}
[Fri 07 16 15:38:34 2010] iphone map: a:2:{s:6:"module";s:3:"map";s:7:"command";s:12:"tilesupdated";}
[Fri 07 16 15:38:34 2010] iphone calendar: a:4:{s:4:"type";s:6:"Events";s:4:"time";s:10:"1279309113";s:6:"module";s:8:"calendar";s:7:"command";s:3:"day";}
[Fri 07 16 15:47:05 2010] iphone emergency: a:2:{s:6:"module";s:9:"emergency";s:7:"command";s:8:"contacts";}
[Fri 07 16 15:47:05 2010] iphone push: a:3:{s:6:"module";s:4:"push";s:11:"device_type";s:5:"apple";s:7:"command";s:8:"register";}
[Fri 07 16 15:47:05 2010] iphone emergency: a:1:{s:6:"module";s:9:"emergency";}
[Fri 07 16 15:47:07 2010] iphone calendar: a:2:{s:6:"module";s:8:"calendar";s:7:"command";s:10:"categories";}
[Fri 07 16 15:47:07 2010] iphone map: a:2:{s:6:"module";s:3:"map";s:7:"command";s:12:"tilesupdated";}
[Fri 07 16 15:47:07 2010] iphone calendar: a:4:{s:4:"type";s:6:"Events";s:4:"time";s:10:"1279309625";s:6:"module";s:8:"calendar";s:7:"command";s:3:"day";}
[Fri 07 16 15:47:43 2010] iphone emergency: a:1:{s:6:"module";s:9:"emergency";}
[Fri 07 16 15:47:43 2010] iphone push: a:3:{s:6:"module";s:4:"push";s:11:"device_type";s:5:"apple";s:7:"command";s:8:"register";}
[Fri 07 16 15:47:43 2010] iphone emergency: a:2:{s:6:"module";s:9:"emergency";s:7:"command";s:8:"contacts";}
[Fri 07 16 15:47:44 2010] iphone calendar: a:2:{s:6:"module";s:8:"calendar";s:7:"command";s:10:"categories";}
[Fri 07 16 15:47:45 2010] iphone map: a:2:{s:6:"module";s:3:"map";s:7:"command";s:12:"tilesupdated";}
[Fri 07 16 15:47:45 2010] iphone calendar: a:4:{s:4:"type";s:6:"Events";s:4:"time";s:10:"1279309663";s:6:"module";s:8:"calendar";s:7:"command";s:3:"day";}
[Fri 07 16 15:50:56 2010] iphone emergency: a:2:{s:6:"module";s:9:"emergency";s:7:"command";s:8:"contacts";}
[Fri 07 16 15:50:56 2010] iphone push: a:3:{s:6:"module";s:4:"push";s:11:"device_type";s:5:"apple";s:7:"command";s:8:"register";}
[Fri 07 16 15:50:56 2010] iphone emergency: a:1:{s:6:"module";s:9:"emergency";}
[Fri 07 16 15:50:57 2010] iphone calendar: a:2:{s:6:"module";s:8:"calendar";s:7:"command";s:10:"categories";}
[Fri 07 16 15:50:57 2010] iphone map: a:2:{s:6:"module";s:3:"map";s:7:"command";s:12:"tilesupdated";}
[Fri 07 16 15:50:57 2010] iphone calendar: a:4:{s:4:"type";s:6:"Events";s:4:"time";s:10:"1279309855";s:6:"module";s:8:"calendar";s:7:"command";s:3:"day";}
[Fri 07 16 16:00:12 2010] iphone emergency: a:2:{s:6:"module";s:9:"emergency";s:7:"command";s:8:"contacts";}
[Fri 07 16 16:00:12 2010] iphone emergency: a:1:{s:6:"module";s:9:"emergency";}
[Fri 07 16 16:00:12 2010] iphone push: a:3:{s:6:"module";s:4:"push";s:11:"device_type";s:5:"apple";s:7:"command";s:8:"register";}
[Fri 07 16 16:00:13 2010] iphone calendar: a:2:{s:6:"module";s:8:"calendar";s:7:"command";s:10:"categories";}
[Fri 07 16 16:00:14 2010] iphone map: a:2:{s:6:"module";s:3:"map";s:7:"command";s:12:"tilesupdated";}
[Fri 07 16 16:00:14 2010] iphone calendar: a:4:{s:4:"type";s:6:"Events";s:4:"time";s:10:"1279310412";s:6:"module";s:8:"calendar";s:7:"command";s:3:"day";}
[Fri 07 16 16:01:22 2010] iphone emergency: a:1:{s:6:"module";s:9:"emergency";}
[Fri 07 16 16:01:22 2010] iphone push: a:3:{s:6:"module";s:4:"push";s:11:"device_type";s:5:"apple";s:7:"command";s:8:"register";}
[Fri 07 16 16:01:22 2010] iphone emergency: a:2:{s:6:"module";s:9:"emergency";s:7:"command";s:8:"contacts";}
[Fri 07 16 16:02:30 2010] iphone calendar: a:2:{s:6:"module";s:8:"calendar";s:7:"command";s:10:"categories";}
[Fri 07 16 16:02:31 2010] iphone map: a:2:{s:6:"module";s:3:"map";s:7:"command";s:12:"tilesupdated";}
[Fri 07 16 16:02:31 2010] iphone calendar: a:4:{s:4:"type";s:6:"Events";s:4:"time";s:10:"1279310482";s:6:"module";s:8:"calendar";s:7:"command";s:3:"day";}
[Fri 07 16 16:04:22 2010] iphone emergency: a:2:{s:6:"module";s:9:"emergency";s:7:"command";s:8:"contacts";}
[Fri 07 16 16:04:22 2010] iphone push: a:3:{s:6:"module";s:4:"push";s:11:"device_type";s:5:"apple";s:7:"command";s:8:"register";}
[Fri 07 16 16:04:22 2010] iphone emergency: a:1:{s:6:"module";s:9:"emergency";}
[Fri 07 16 16:04:23 2010] iphone calendar: a:2:{s:6:"module";s:8:"calendar";s:7:"command";s:10:"categories";}
[Fri 07 16 16:04:23 2010] iphone calendar: a:4:{s:4:"type";s:6:"Events";s:4:"time";s:10:"1279310662";s:6:"module";s:8:"calendar";s:7:"command";s:3:"day";}
[Fri 07 16 16:04:23 2010] iphone map: a:2:{s:6:"module";s:3:"map";s:7:"command";s:12:"tilesupdated";}
[Fri 07 16 16:08:34 2010] iphone emergency: a:1:{s:6:"module";s:9:"emergency";}
[Fri 07 16 16:08:34 2010] iphone emergency: a:2:{s:6:"module";s:9:"emergency";s:7:"command";s:8:"contacts";}
[Fri 07 16 16:08:34 2010] iphone push: a:3:{s:6:"module";s:4:"push";s:11:"device_type";s:5:"apple";s:7:"command";s:8:"register";}
[Fri 07 16 16:08:37 2010] iphone calendar: a:2:{s:6:"module";s:8:"calendar";s:7:"command";s:10:"categories";}
[Fri 07 16 16:08:37 2010] iphone calendar: a:4:{s:4:"type";s:6:"Events";s:4:"time";s:10:"1279310914";s:6:"module";s:8:"calendar";s:7:"command";s:3:"day";}
[Fri 07 16 16:08:37 2010] iphone map: a:2:{s:6:"module";s:3:"map";s:7:"command";s:12:"tilesupdated";}
[Fri 07 16 16:08:57 2010] iphone emergency: a:1:{s:6:"module";s:9:"emergency";}
[Fri 07 16 16:08:57 2010] iphone push: a:3:{s:6:"module";s:4:"push";s:11:"device_type";s:5:"apple";s:7:"command";s:8:"register";}
[Fri 07 16 16:08:57 2010] iphone emergency: a:2:{s:6:"module";s:9:"emergency";s:7:"command";s:8:"contacts";}
[Fri 07 16 16:08:58 2010] iphone calendar: a:2:{s:6:"module";s:8:"calendar";s:7:"command";s:10:"categories";}
[Fri 07 16 16:08:58 2010] iphone map: a:2:{s:6:"module";s:3:"map";s:7:"command";s:12:"tilesupdated";}
[Fri 07 16 16:08:58 2010] iphone calendar: a:4:{s:4:"type";s:6:"Events";s:4:"time";s:10:"1279310937";s:6:"module";s:8:"calendar";s:7:"command";s:3:"day";}
[Fri 07 16 16:09:35 2010] iphone emergency: a:2:{s:6:"module";s:9:"emergency";s:7:"command";s:8:"contacts";}
[Fri 07 16 16:09:35 2010] iphone emergency: a:1:{s:6:"module";s:9:"emergency";}
[Fri 07 16 16:09:35 2010] iphone push: a:3:{s:6:"module";s:4:"push";s:11:"device_type";s:5:"apple";s:7:"command";s:8:"register";}
[Fri 07 16 16:09:36 2010] iphone calendar: a:2:{s:6:"module";s:8:"calendar";s:7:"command";s:10:"categories";}
[Fri 07 16 16:09:37 2010] iphone calendar: a:4:{s:4:"type";s:6:"Events";s:4:"time";s:10:"1279310975";s:6:"module";s:8:"calendar";s:7:"command";s:3:"day";}
[Fri 07 16 16:09:37 2010] iphone map: a:2:{s:6:"module";s:3:"map";s:7:"command";s:12:"tilesupdated";}
[Fri 07 16 16:11:39 2010] iphone emergency: a:1:{s:6:"module";s:9:"emergency";}
[Fri 07 16 16:11:39 2010] iphone push: a:3:{s:6:"module";s:4:"push";s:11:"device_type";s:5:"apple";s:7:"command";s:8:"register";}
[Fri 07 16 16:11:39 2010] iphone emergency: a:2:{s:6:"module";s:9:"emergency";s:7:"command";s:8:"contacts";}
[Fri 07 16 16:11:40 2010] iphone calendar: a:2:{s:6:"module";s:8:"calendar";s:7:"command";s:10:"categories";}
[Fri 07 16 16:11:40 2010] iphone calendar: a:4:{s:4:"type";s:6:"Events";s:4:"time";s:10:"1279311098";s:6:"module";s:8:"calendar";s:7:"command";s:3:"day";}
[Fri 07 16 16:11:40 2010] iphone map: a:2:{s:6:"module";s:3:"map";s:7:"command";s:12:"tilesupdated";}
[Fri 07 16 16:12:02 2010] iphone emergency: a:2:{s:6:"module";s:9:"emergency";s:7:"command";s:8:"contacts";}
[Fri 07 16 16:12:02 2010] iphone push: a:3:{s:6:"module";s:4:"push";s:11:"device_type";s:5:"apple";s:7:"command";s:8:"register";}
[Fri 07 16 16:12:02 2010] iphone emergency: a:1:{s:6:"module";s:9:"emergency";}
[Fri 07 16 16:12:04 2010] iphone calendar: a:2:{s:6:"module";s:8:"calendar";s:7:"command";s:10:"categories";}
[Fri 07 16 16:12:05 2010] iphone calendar: a:4:{s:4:"type";s:6:"Events";s:4:"time";s:10:"1279311122";s:6:"module";s:8:"calendar";s:7:"command";s:3:"day";}
[Fri 07 16 16:12:05 2010] iphone map: a:2:{s:6:"module";s:3:"map";s:7:"command";s:12:"tilesupdated";}
[Fri 07 16 16:14:26 2010] iphone emergency: a:2:{s:6:"module";s:9:"emergency";s:7:"command";s:8:"contacts";}
[Fri 07 16 16:14:26 2010] iphone push: a:3:{s:6:"module";s:4:"push";s:11:"device_type";s:5:"apple";s:7:"command";s:8:"register";}
[Fri 07 16 16:14:26 2010] iphone emergency: a:1:{s:6:"module";s:9:"emergency";}
[Fri 07 16 16:14:27 2010] iphone calendar: a:2:{s:6:"module";s:8:"calendar";s:7:"command";s:10:"categories";}
[Fri 07 16 16:14:27 2010] iphone calendar: a:4:{s:4:"type";s:6:"Events";s:4:"time";s:10:"1279311265";s:6:"module";s:8:"calendar";s:7:"command";s:3:"day";}
[Fri 07 16 16:14:27 2010] iphone map: a:2:{s:6:"module";s:3:"map";s:7:"command";s:12:"tilesupdated";}
[Fri 07 16 16:15:03 2010] iphone emergency: a:1:{s:6:"module";s:9:"emergency";}
[Fri 07 16 16:15:03 2010] iphone push: a:3:{s:6:"module";s:4:"push";s:11:"device_type";s:5:"apple";s:7:"command";s:8:"register";}
[Fri 07 16 16:15:03 2010] iphone emergency: a:2:{s:6:"module";s:9:"emergency";s:7:"command";s:8:"contacts";}
[Fri 07 16 16:15:04 2010] iphone calendar: a:2:{s:6:"module";s:8:"calendar";s:7:"command";s:10:"categories";}
[Fri 07 16 16:15:04 2010] iphone calendar: a:4:{s:4:"type";s:6:"Events";s:4:"time";s:10:"1279311303";s:6:"module";s:8:"calendar";s:7:"command";s:3:"day";}
[Fri 07 16 16:15:04 2010] iphone map: a:2:{s:6:"module";s:3:"map";s:7:"command";s:12:"tilesupdated";}
[Fri 07 16 16:16:56 2010] iphone push: a:3:{s:6:"module";s:4:"push";s:11:"device_type";s:5:"apple";s:7:"command";s:8:"register";}
[Fri 07 16 16:16:56 2010] iphone emergency: a:2:{s:6:"module";s:9:"emergency";s:7:"command";s:8:"contacts";}
[Fri 07 16 16:16:56 2010] iphone emergency: a:1:{s:6:"module";s:9:"emergency";}
[Fri 07 16 16:16:57 2010] iphone calendar: a:2:{s:6:"module";s:8:"calendar";s:7:"command";s:10:"categories";}
[Fri 07 16 16:16:57 2010] iphone map: a:2:{s:6:"module";s:3:"map";s:7:"command";s:12:"tilesupdated";}
[Fri 07 16 16:16:57 2010] iphone calendar: a:4:{s:4:"type";s:6:"Events";s:4:"time";s:10:"1279311416";s:6:"module";s:8:"calendar";s:7:"command";s:3:"day";}
[Fri 07 16 16:18:09 2010] iphone emergency: a:2:{s:6:"module";s:9:"emergency";s:7:"command";s:8:"contacts";}
[Fri 07 16 16:18:09 2010] iphone emergency: a:1:{s:6:"module";s:9:"emergency";}
[Fri 07 16 16:18:09 2010] iphone push: a:3:{s:6:"module";s:4:"push";s:11:"device_type";s:5:"apple";s:7:"command";s:8:"register";}
[Fri 07 16 16:18:09 2010] iphone calendar: a:2:{s:6:"module";s:8:"calendar";s:7:"command";s:10:"categories";}
[Fri 07 16 16:18:10 2010] iphone map: a:2:{s:6:"module";s:3:"map";s:7:"command";s:12:"tilesupdated";}
[Fri 07 16 16:18:10 2010] iphone calendar: a:4:{s:4:"type";s:6:"Events";s:4:"time";s:10:"1279311488";s:6:"module";s:8:"calendar";s:7:"command";s:3:"day";}
[Fri 07 16 16:19:31 2010] iphone emergency: a:2:{s:6:"module";s:9:"emergency";s:7:"command";s:8:"contacts";}
[Fri 07 16 16:19:31 2010] iphone emergency: a:1:{s:6:"module";s:9:"emergency";}
[Fri 07 16 16:19:31 2010] iphone push: a:3:{s:6:"module";s:4:"push";s:11:"device_type";s:5:"apple";s:7:"command";s:8:"register";}
[Fri 07 16 16:19:32 2010] iphone calendar: a:2:{s:6:"module";s:8:"calendar";s:7:"command";s:10:"categories";}
[Fri 07 16 16:19:32 2010] iphone map: a:2:{s:6:"module";s:3:"map";s:7:"command";s:12:"tilesupdated";}
[Fri 07 16 16:19:32 2010] iphone calendar: a:4:{s:4:"type";s:6:"Events";s:4:"time";s:10:"1279311571";s:6:"module";s:8:"calendar";s:7:"command";s:3:"day";}
[Fri 07 16 16:19:51 2010] iphone emergency: a:2:{s:6:"module";s:9:"emergency";s:7:"command";s:8:"contacts";}
[Fri 07 16 16:19:51 2010] iphone emergency: a:1:{s:6:"module";s:9:"emergency";}
[Fri 07 16 16:19:51 2010] iphone push: a:3:{s:6:"module";s:4:"push";s:11:"device_type";s:5:"apple";s:7:"command";s:8:"register";}
[Fri 07 16 16:20:20 2010] iphone push: a:3:{s:6:"module";s:4:"push";s:11:"device_type";s:5:"apple";s:7:"command";s:8:"register";}
[Fri 07 16 16:20:20 2010] iphone emergency: a:1:{s:6:"module";s:9:"emergency";}
[Fri 07 16 16:20:20 2010] iphone emergency: a:2:{s:6:"module";s:9:"emergency";s:7:"command";s:8:"contacts";}
[Fri 07 16 16:20:22 2010] iphone calendar: a:2:{s:6:"module";s:8:"calendar";s:7:"command";s:10:"categories";}
[Fri 07 16 16:20:22 2010] iphone map: a:2:{s:6:"module";s:3:"map";s:7:"command";s:12:"tilesupdated";}
[Fri 07 16 16:20:22 2010] iphone calendar: a:4:{s:4:"type";s:6:"Events";s:4:"time";s:10:"1279311619";s:6:"module";s:8:"calendar";s:7:"command";s:3:"day";}
[Fri 07 16 16:21:06 2010] iphone emergency: a:1:{s:6:"module";s:9:"emergency";}
[Fri 07 16 16:21:06 2010] iphone push: a:3:{s:6:"module";s:4:"push";s:11:"device_type";s:5:"apple";s:7:"command";s:8:"register";}
[Fri 07 16 16:21:06 2010] iphone emergency: a:2:{s:6:"module";s:9:"emergency";s:7:"command";s:8:"contacts";}
[Fri 07 16 16:21:08 2010] iphone calendar: a:2:{s:6:"module";s:8:"calendar";s:7:"command";s:10:"categories";}
[Fri 07 16 16:21:08 2010] iphone calendar: a:4:{s:4:"type";s:6:"Events";s:4:"time";s:10:"1279311666";s:6:"module";s:8:"calendar";s:7:"command";s:3:"day";}
[Fri 07 16 16:21:08 2010] iphone map: a:2:{s:6:"module";s:3:"map";s:7:"command";s:12:"tilesupdated";}
[Fri 07 16 16:27:07 2010] iphone emergency: a:1:{s:6:"module";s:9:"emergency";}
[Fri 07 16 16:27:07 2010] iphone emergency: a:2:{s:6:"module";s:9:"emergency";s:7:"command";s:8:"contacts";}
[Fri 07 16 16:27:07 2010] iphone push: a:3:{s:6:"module";s:4:"push";s:11:"device_type";s:5:"apple";s:7:"command";s:8:"register";}
[Fri 07 16 16:27:19 2010] iphone emergency: a:1:{s:6:"module";s:9:"emergency";}
[Fri 07 16 16:27:19 2010] iphone emergency: a:2:{s:6:"module";s:9:"emergency";s:7:"command";s:8:"contacts";}
[Fri 07 16 16:27:19 2010] iphone push: a:3:{s:6:"module";s:4:"push";s:11:"device_type";s:5:"apple";s:7:"command";s:8:"register";}
[Fri 07 16 16:27:20 2010] iphone calendar: a:2:{s:6:"module";s:8:"calendar";s:7:"command";s:10:"categories";}
[Fri 07 16 16:27:20 2010] iphone map: a:2:{s:6:"module";s:3:"map";s:7:"command";s:12:"capabilities";}
[Fri 07 16 16:27:20 2010] iphone calendar: a:4:{s:4:"type";s:6:"Events";s:4:"time";s:10:"1279312039";s:6:"module";s:8:"calendar";s:7:"command";s:3:"day";}
[Fri 07 16 16:27:20 2010] iphone map: a:2:{s:6:"module";s:3:"map";s:7:"command";s:12:"tilesupdated";}
[Fri 07 16 16:27:20 2010] iphone map: a:3:{s:6:"module";s:3:"map";s:7:"command";s:10:"proj4specs";s:4:"wkid";s:4:"2249";}
[Mon 07 19 09:43:16 2010] iphone emergency: a:1:{s:6:"module";s:9:"emergency";}
[Mon 07 19 09:43:16 2010] iphone emergency: a:2:{s:6:"module";s:9:"emergency";s:7:"command";s:8:"contacts";}
[Mon 07 19 09:43:16 2010] iphone push: a:3:{s:6:"module";s:4:"push";s:11:"device_type";s:5:"apple";s:7:"command";s:8:"register";}
[Mon 07 19 09:43:27 2010] iphone calendar: a:2:{s:6:"module";s:8:"calendar";s:7:"command";s:10:"categories";}
[Mon 07 19 09:43:27 2010] iphone calendar: a:4:{s:4:"type";s:6:"Events";s:4:"time";s:10:"1279546996";s:6:"module";s:8:"calendar";s:7:"command";s:3:"day";}
[Mon 07 19 09:43:27 2010] iphone map: a:2:{s:6:"module";s:3:"map";s:7:"command";s:12:"capabilities";}
[Mon 07 19 09:43:27 2010] iphone map: a:2:{s:6:"module";s:3:"map";s:7:"command";s:12:"tilesupdated";}
[Mon 07 19 09:43:27 2010] iphone map: a:3:{s:6:"module";s:3:"map";s:7:"command";s:10:"proj4specs";s:4:"wkid";s:4:"2249";}
[Mon 07 19 11:49:00 2010] iphone emergency: a:2:{s:6:"module";s:9:"emergency";s:7:"command";s:8:"contacts";}
[Mon 07 19 11:49:00 2010] iphone push: a:3:{s:6:"module";s:4:"push";s:11:"device_type";s:5:"apple";s:7:"command";s:8:"register";}
[Mon 07 19 11:49:00 2010] iphone emergency: a:1:{s:6:"module";s:9:"emergency";}
[Mon 07 19 11:49:02 2010] iphone dining: a:3:{s:6:"module";s:6:"dining";s:7:"command";s:5:"lunch";s:4:"date";s:10:"2010-07-19";}
[Mon 07 19 11:49:02 2010] iphone dining: a:3:{s:6:"module";s:6:"dining";s:7:"command";s:5:"lunch";s:4:"date";s:10:"2010-07-19";}
[Mon 07 19 11:49:02 2010] iphone dining: a:3:{s:6:"module";s:6:"dining";s:7:"command";s:5:"lunch";s:4:"date";s:10:"2010-07-19";}
[Mon 07 19 11:50:02 2010] iphone push: a:3:{s:6:"module";s:4:"push";s:11:"device_type";s:5:"apple";s:7:"command";s:8:"register";}
[Mon 07 19 11:50:02 2010] iphone emergency: a:1:{s:6:"module";s:9:"emergency";}
[Mon 07 19 11:50:02 2010] iphone emergency: a:2:{s:6:"module";s:9:"emergency";s:7:"command";s:8:"contacts";}
[Mon 07 19 11:50:03 2010] iphone dining: a:3:{s:6:"module";s:6:"dining";s:7:"command";s:5:"lunch";s:4:"date";s:10:"2010-07-19";}
[Mon 07 19 11:50:03 2010] iphone dining: a:3:{s:6:"module";s:6:"dining";s:7:"command";s:5:"lunch";s:4:"date";s:10:"2010-07-19";}
[Mon 07 19 11:50:03 2010] iphone dining: a:3:{s:6:"module";s:6:"dining";s:7:"command";s:5:"lunch";s:4:"date";s:10:"2010-07-19";}
[Mon 07 19 11:50:17 2010] iphone emergency: a:2:{s:6:"module";s:9:"emergency";s:7:"command";s:8:"contacts";}
[Mon 07 19 11:50:17 2010] iphone push: a:3:{s:6:"module";s:4:"push";s:11:"device_type";s:5:"apple";s:7:"command";s:8:"register";}
[Mon 07 19 11:50:17 2010] iphone emergency: a:1:{s:6:"module";s:9:"emergency";}
[Mon 07 19 11:50:20 2010] iphone dining: a:3:{s:6:"module";s:6:"dining";s:7:"command";s:5:"lunch";s:4:"date";s:10:"2010-07-19";}
[Mon 07 19 11:50:20 2010] iphone dining: a:3:{s:6:"module";s:6:"dining";s:7:"command";s:5:"lunch";s:4:"date";s:10:"2010-07-19";}
[Mon 07 19 11:50:20 2010] iphone dining: a:3:{s:6:"module";s:6:"dining";s:7:"command";s:5:"lunch";s:4:"date";s:10:"2010-07-19";}
[Mon 07 19 11:50:38 2010] iphone push: a:3:{s:6:"module";s:4:"push";s:11:"device_type";s:5:"apple";s:7:"command";s:8:"register";}
[Mon 07 19 11:50:38 2010] iphone emergency: a:2:{s:6:"module";s:9:"emergency";s:7:"command";s:8:"contacts";}
[Mon 07 19 11:50:38 2010] iphone emergency: a:1:{s:6:"module";s:9:"emergency";}
[Mon 07 19 11:50:39 2010] iphone dining: a:3:{s:6:"module";s:6:"dining";s:7:"command";s:5:"lunch";s:4:"date";s:10:"2010-07-19";}
[Mon 07 19 11:50:39 2010] iphone dining: a:3:{s:6:"module";s:6:"dining";s:7:"command";s:5:"lunch";s:4:"date";s:10:"2010-07-19";}
[Mon 07 19 11:50:39 2010] iphone dining: a:3:{s:6:"module";s:6:"dining";s:7:"command";s:5:"lunch";s:4:"date";s:10:"2010-07-19";}
[Mon 07 19 11:52:00 2010] iphone push: a:3:{s:6:"module";s:4:"push";s:11:"device_type";s:5:"apple";s:7:"command";s:8:"register";}
[Mon 07 19 11:52:00 2010] iphone emergency: a:2:{s:6:"module";s:9:"emergency";s:7:"command";s:8:"contacts";}
[Mon 07 19 11:52:00 2010] iphone emergency: a:1:{s:6:"module";s:9:"emergency";}
[Mon 07 19 11:52:01 2010] iphone dining: a:3:{s:6:"module";s:6:"dining";s:7:"command";s:5:"lunch";s:4:"date";s:10:"2010-07-19";}
[Mon 07 19 11:52:01 2010] iphone dining: a:3:{s:6:"module";s:6:"dining";s:7:"command";s:5:"lunch";s:4:"date";s:10:"2010-07-19";}
[Mon 07 19 11:52:01 2010] iphone dining: a:3:{s:6:"module";s:6:"dining";s:7:"command";s:5:"lunch";s:4:"date";s:10:"2010-07-19";}
[Mon 07 19 11:52:06 2010] iphone emergency: a:2:{s:6:"module";s:9:"emergency";s:7:"command";s:8:"contacts";}
[Mon 07 19 11:52:06 2010] iphone push: a:3:{s:6:"module";s:4:"push";s:11:"device_type";s:5:"apple";s:7:"command";s:8:"register";}
[Mon 07 19 11:52:06 2010] iphone emergency: a:1:{s:6:"module";s:9:"emergency";}
[Mon 07 19 11:52:08 2010] iphone dining: a:3:{s:6:"module";s:6:"dining";s:7:"command";s:5:"lunch";s:4:"date";s:10:"2010-07-19";}
[Mon 07 19 11:52:08 2010] iphone dining: a:3:{s:6:"module";s:6:"dining";s:7:"command";s:5:"lunch";s:4:"date";s:10:"2010-07-19";}
[Mon 07 19 11:52:08 2010] iphone dining: a:3:{s:6:"module";s:6:"dining";s:7:"command";s:5:"lunch";s:4:"date";s:10:"2010-07-19";}
[Mon 07 19 11:52:11 2010] iphone emergency: a:2:{s:6:"module";s:9:"emergency";s:7:"command";s:8:"contacts";}
[Mon 07 19 11:52:11 2010] iphone push: a:3:{s:6:"module";s:4:"push";s:11:"device_type";s:5:"apple";s:7:"command";s:8:"register";}
[Mon 07 19 11:52:11 2010] iphone emergency: a:1:{s:6:"module";s:9:"emergency";}
[Mon 07 19 11:52:12 2010] iphone dining: a:3:{s:6:"module";s:6:"dining";s:7:"command";s:5:"lunch";s:4:"date";s:10:"2010-07-19";}
[Mon 07 19 11:52:12 2010] iphone dining: a:3:{s:6:"module";s:6:"dining";s:7:"command";s:5:"lunch";s:4:"date";s:10:"2010-07-19";}
[Mon 07 19 11:52:12 2010] iphone dining: a:3:{s:6:"module";s:6:"dining";s:7:"command";s:5:"lunch";s:4:"date";s:10:"2010-07-19";}
[Mon 07 19 11:52:13 2010] iphone dining: a:3:{s:6:"module";s:6:"dining";s:7:"command";s:6:"dinner";s:4:"date";s:10:"2010-07-19";}
[Mon 07 19 11:52:18 2010] iphone dining: a:3:{s:6:"module";s:6:"dining";s:7:"command";s:6:"dinner";s:4:"date";s:10:"2010-07-19";}
[Mon 07 19 11:52:21 2010] iphone dining: a:3:{s:6:"module";s:6:"dining";s:7:"command";s:9:"breakfast";s:4:"date";s:10:"2010-07-19";}
[Mon 07 19 15:08:26 2010] iphone push: a:5:{s:9:"device_id";s:1:"2";s:11:"device_type";s:5:"apple";s:6:"module";s:4:"push";s:8:"pass_key";s:10:"1524408138";s:7:"command";s:22:"getUnreadNotifications";}
[Mon 07 19 15:08:26 2010] iphone emergency: a:1:{s:6:"module";s:9:"emergency";}
[Mon 07 19 15:08:26 2010] iphone emergency: a:2:{s:6:"module";s:9:"emergency";s:7:"command";s:8:"contacts";}
[Mon 07 19 15:08:28 2010] iphone calendar: a:2:{s:6:"module";s:8:"calendar";s:7:"command";s:10:"categories";}
[Mon 07 19 15:08:28 2010] iphone calendar: a:4:{s:4:"type";s:6:"Events";s:4:"time";s:10:"1279566505";s:6:"module";s:8:"calendar";s:7:"command";s:3:"day";}
[Mon 07 19 15:08:28 2010] iphone map: a:2:{s:6:"module";s:3:"map";s:7:"command";s:12:"tilesupdated";}
[Mon 07 19 15:08:31 2010] iphone calendar: a:4:{s:4:"type";s:6:"Events";s:4:"time";s:10:"1279652905";s:6:"module";s:8:"calendar";s:7:"command";s:3:"day";}
[Mon 07 19 15:08:32 2010] iphone calendar: a:4:{s:4:"type";s:6:"Events";s:4:"time";s:10:"1279566505";s:6:"module";s:8:"calendar";s:7:"command";s:3:"day";}
[Mon 07 19 15:08:37 2010] iphone calendar: a:2:{s:6:"module";s:8:"calendar";s:7:"command";s:10:"categories";}
[Mon 07 19 15:08:37 2010] iphone calendar: a:2:{s:6:"module";s:8:"calendar";s:7:"command";s:10:"categories";}
[Mon 07 19 15:08:38 2010] iphone calendar: a:4:{s:7:"command";s:8:"category";s:2:"id";s:5:"41144";s:6:"module";s:8:"calendar";s:5:"start";s:10:"1279566517";}
[Mon 07 19 15:08:51 2010] iphone dining: a:3:{s:6:"module";s:6:"dining";s:7:"command";s:6:"dinner";s:4:"date";s:10:"2010-07-19";}
[Mon 07 19 15:08:51 2010] iphone dining: a:3:{s:6:"module";s:6:"dining";s:7:"command";s:6:"dinner";s:4:"date";s:10:"2010-07-19";}
[Mon 07 19 15:08:51 2010] iphone dining: a:3:{s:6:"module";s:6:"dining";s:7:"command";s:6:"dinner";s:4:"date";s:10:"2010-07-19";}
[Mon 07 19 15:08:57 2010] iphone dining: a:3:{s:6:"module";s:6:"dining";s:7:"command";s:5:"lunch";s:4:"date";s:10:"2010-07-19";}
[Mon 07 19 15:09:01 2010] iphone emergency: a:1:{s:6:"module";s:9:"emergency";}
[Mon 07 19 15:09:01 2010] iphone emergency: a:2:{s:6:"module";s:9:"emergency";s:7:"command";s:8:"contacts";}
[Mon 07 19 15:09:01 2010] iphone push: a:5:{s:9:"device_id";s:1:"2";s:11:"device_type";s:5:"apple";s:6:"module";s:4:"push";s:8:"pass_key";s:10:"1524408138";s:7:"command";s:22:"getUnreadNotifications";}
[Mon 07 19 15:09:02 2010] iphone calendar: a:2:{s:6:"module";s:8:"calendar";s:7:"command";s:10:"categories";}
[Mon 07 19 15:09:02 2010] iphone calendar: a:4:{s:4:"type";s:6:"Events";s:4:"time";s:10:"1279566541";s:6:"module";s:8:"calendar";s:7:"command";s:3:"day";}
[Mon 07 19 15:09:02 2010] iphone map: a:2:{s:6:"module";s:3:"map";s:7:"command";s:12:"tilesupdated";}
[Mon 07 19 15:17:32 2010] iphone emergency: a:1:{s:6:"module";s:9:"emergency";}
[Mon 07 19 15:17:32 2010] iphone emergency: a:2:{s:6:"module";s:9:"emergency";s:7:"command";s:8:"contacts";}
[Mon 07 19 15:17:32 2010] iphone push: a:5:{s:9:"device_id";s:1:"2";s:11:"device_type";s:5:"apple";s:6:"module";s:4:"push";s:8:"pass_key";s:10:"1524408138";s:7:"command";s:22:"getUnreadNotifications";}
[Mon 07 19 15:17:34 2010] iphone calendar: a:2:{s:6:"module";s:8:"calendar";s:7:"command";s:10:"categories";}
[Mon 07 19 15:17:34 2010] iphone map: a:2:{s:6:"module";s:3:"map";s:7:"command";s:12:"tilesupdated";}
[Mon 07 19 15:17:34 2010] iphone calendar: a:4:{s:4:"type";s:6:"Events";s:4:"time";s:10:"1279567052";s:6:"module";s:8:"calendar";s:7:"command";s:3:"day";}
[Mon 07 19 15:17:36 2010] iphone calendar: a:2:{s:6:"module";s:8:"calendar";s:7:"command";s:10:"categories";}
[Mon 07 19 15:17:37 2010] iphone calendar: a:2:{s:6:"module";s:8:"calendar";s:7:"command";s:10:"categories";}
[Mon 07 19 15:17:37 2010] iphone calendar: a:4:{s:7:"command";s:8:"category";s:2:"id";s:5:"41130";s:6:"module";s:8:"calendar";s:5:"start";s:10:"1279567057";}
[Mon 07 19 15:17:41 2010] iphone calendar: a:2:{s:6:"module";s:8:"calendar";s:7:"command";s:10:"categories";}
[Mon 07 19 15:17:41 2010] iphone calendar: a:4:{s:7:"command";s:8:"category";s:2:"id";s:5:"41140";s:6:"module";s:8:"calendar";s:5:"start";s:10:"1279567061";}
[Mon 07 19 15:17:46 2010] iphone calendar: a:2:{s:6:"module";s:8:"calendar";s:7:"command";s:10:"categories";}
[Mon 07 19 15:17:46 2010] iphone calendar: a:4:{s:7:"command";s:8:"category";s:2:"id";s:5:"67253";s:6:"module";s:8:"calendar";s:5:"start";s:10:"1279567066";}
[Mon 07 19 15:45:03 2010] iphone emergency: a:1:{s:6:"module";s:9:"emergency";}
[Mon 07 19 15:45:03 2010] iphone push: a:5:{s:9:"device_id";s:1:"2";s:11:"device_type";s:5:"apple";s:6:"module";s:4:"push";s:8:"pass_key";s:10:"1524408138";s:7:"command";s:22:"getUnreadNotifications";}
[Mon 07 19 15:45:03 2010] iphone emergency: a:2:{s:6:"module";s:9:"emergency";s:7:"command";s:8:"contacts";}
[Mon 07 19 15:45:04 2010] iphone calendar: a:2:{s:6:"module";s:8:"calendar";s:7:"command";s:10:"categories";}
[Mon 07 19 15:45:05 2010] iphone calendar: a:4:{s:4:"type";s:6:"Events";s:4:"time";s:10:"1279568703";s:6:"module";s:8:"calendar";s:7:"command";s:3:"day";}
[Mon 07 19 15:45:05 2010] iphone map: a:2:{s:6:"module";s:3:"map";s:7:"command";s:12:"tilesupdated";}
[Mon 07 19 15:45:17 2010] iphone dining: a:3:{s:6:"module";s:6:"dining";s:7:"command";s:6:"dinner";s:4:"date";s:10:"2010-07-19";}
[Mon 07 19 15:45:17 2010] iphone dining: a:3:{s:6:"module";s:6:"dining";s:7:"command";s:6:"dinner";s:4:"date";s:10:"2010-07-19";}
[Mon 07 19 15:45:17 2010] iphone dining: a:3:{s:6:"module";s:6:"dining";s:7:"command";s:6:"dinner";s:4:"date";s:10:"2010-07-19";}
[Mon 07 19 15:45:21 2010] iphone emergency: a:1:{s:6:"module";s:9:"emergency";}
[Mon 07 19 15:45:21 2010] iphone push: a:5:{s:9:"device_id";s:1:"2";s:11:"device_type";s:5:"apple";s:6:"module";s:4:"push";s:8:"pass_key";s:10:"1524408138";s:7:"command";s:22:"getUnreadNotifications";}
[Mon 07 19 15:45:21 2010] iphone emergency: a:2:{s:6:"module";s:9:"emergency";s:7:"command";s:8:"contacts";}
[Mon 07 19 15:45:22 2010] iphone calendar: a:2:{s:6:"module";s:8:"calendar";s:7:"command";s:10:"categories";}
[Mon 07 19 15:45:22 2010] iphone map: a:2:{s:6:"module";s:3:"map";s:7:"command";s:12:"tilesupdated";}
[Mon 07 19 15:45:22 2010] iphone calendar: a:4:{s:4:"type";s:6:"Events";s:4:"time";s:10:"1279568721";s:6:"module";s:8:"calendar";s:7:"command";s:3:"day";}
[Mon 07 19 15:45:30 2010] iphone calendar: a:2:{s:6:"module";s:8:"calendar";s:7:"command";s:10:"categories";}
[Mon 07 19 15:45:31 2010] iphone calendar: a:2:{s:6:"module";s:8:"calendar";s:7:"command";s:10:"categories";}
[Mon 07 19 15:45:31 2010] iphone calendar: a:4:{s:7:"command";s:8:"category";s:2:"id";s:5:"41139";s:6:"module";s:8:"calendar";s:5:"start";s:10:"1279568730";}
